U R2 F2 R2 D L2 B2 D' F2 D U2 L' R2 U B U F' L2 F R' -> [5, 12, 13, 12, 6, 11, 14, -6, 13, 6, 15, -1, 12, 5, 4, 5, -3, 11, 3, -2]
order: 24
B2 D2 U' R2 D U2 B2 L R2 D' U2 L D L2 B L' U L R' -> [14, 16, -5, 12, 6, 15, 14, 1, 12, -6, 15, 1, 6, 11, 4, -1, 5, 1, -2]
order: 24
L2 U L2 R2 U F2 D2 F2 R2 U R' U' L' B L2 R D B2 F' R' -> [11, 5, 11, 12, 5, 13, 16, 13, 12, 5, -2, -5, -1, 4, 11, 2, 6, 14, -3, -2]
order: 24
#w_a:
   |1OJ|
   |vek|
   |cx0|
    ---
uo3|A4L|7dy|r8i
fnt|hwm|F5H|QE2
lzR|9qI|p6a|jbs
    ---
   |GMP|
   |KND|
   |gBC|
#w:
   |3OR|
   |vek|
   |rxj|
    ---
coJ|y4a|CdG|98A
fnt|hwm|F5H|QE2
0zu|iql|g6p|PbL
    ---
   |1Ms|
   |KND|
   |7BI|
#w_b:
   |38R|
   |Feb|
   |r4j|
    ---
cmJ|yxa|CBG|9OA
tnQ|Hwd|k5z|KEh
0fu|i6l|gvp|PML
    ---
   |1Ds|
   |2No|
   |7qI|
#w_a - edge and corner perms:
[(9, 1), (3, 1), (6, 0), (5, 1), (1, 0), (2, 1), (4, 0), (8, 0), (0, 0), (7, 0), (11, 0), (10, 0)]
[(2, 1), (7, 0), (6, 1), (1, 0), (3, 0), (0, 2), (4, 0), (5, 2)]
#w - edge and corner perms:
[(9, 1), (3, 1), (6, 0), (5, 1), (1, 0), (2, 1), (4, 0), (8, 0), (0, 0), (7, 0), (11, 0), (10, 0)]
[(1, 2), (5, 0), (0, 1), (7, 1), (6, 2), (4, 1), (3, 1), (2, 1)]
#w_b - edge and corner perms:
[(9, 0), (0, 0), (6, 1), (4, 1), (2, 1), (8, 1), (3, 0), (10, 0), (11, 1), (5, 1), (7, 0), (1, 0)]
[(1, 2), (5, 0), (0, 1), (7, 1), (6, 2), (4, 1), (3, 1), (2, 1)]
[2, 7, 6, 1, 3, 0, 4, 5] [1, 5, 0, 7, 6, 4, 3, 2]
#viable corner perms for a:
(0, 3, 1, 6, 4, 2, 5, 7) 4
(5, 2, 4, 7, 3, 1, 6, 0) 6
(6, 1, 3, 0, 2, 4, 7, 5) 6
(7, 4, 2, 5, 1, 3, 0, 6) 4
build a (corner cycles):
[0, 1, 2, 3, 4, 5, 6, 7] 3 1 2
B' U F' D2 F U' F' D2 B F
[0, 3, 1, 2, 4, 5, 6, 7] 6 3 4
R2 B2 R' F2 D2 L U2 F2 L' R U' R' D2 R U' R' F2 R'
[0, 3, 1, 6, 2, 5, 4, 7] 6 4 5
B' F' U2 B D B' U2 B D' F
B' U F' D2 F U' F' D2 B F R2 B2 R' F2 D2 L U2 F2 L' R U' R' D2 R U' R' F2 R' B' F' U2 B D B' U2 B D' F
UUUUUUDUUBRLRRRBRUFFRFFFDFRLDDDDDDDFLLRLLLLLFFBBBBBRBB
acycle= U' F2 D' R2 U B2 R2 B2 R2 D' F' U B2 U' F' D2
wa corners: [(2, 1), (7, 0), (6, 1), (1, 0), (3, 0), (0, 2), (4, 0), (5, 2)]
a^-1 w a  : [(2, 2), (7, 0), (6, 0), (1, 1), (3, 2), (0, 0), (4, 1), (5, 0)]
#viable corner twists for a:
goal: [1, 0, 1, 0, 0, 2, 0, 2]
(0, 1, 1, 0, 1, 2, 0, 1)  D2 B' R2 F' L2 F R2 F' L2 F D' F D B D' F' D' B2 L' U2 R' D2 R U2 R' D2 R B' R B L B' R' B' B2 L' B2 L' D2 R D2 R F2 R2 B R F2 R' B' L2 L F L B' L' F' L F' U2 F D2 F' U2 F D2 B L2 U2 L' F2 R' B2 R F2 R' B2 R U' R U L U' R' U'
atwist=  D2 B' R2 F' L2 F R2 F' L2 F D' F D B D' F' D' B2 L' U2 R' D2 R U2 R' D2 R B' R B L B' R' B' B2 L' B2 L' D2 R D2 R F2 R2 B R F2 R' B' L2 L F L B' L' F' L F' U2 F D2 F' U2 F D2 B L2 U2 L' F2 R' B2 R F2 R' B2 R U' R U L U' R' U'
a= U' F2 D' R2 U B2 R2 B2 R2 D' F' U B2 U' F' D2 D2 B' R2 F' L2 F R2 F' L2 F D' F D B D' F' D' B2 L' U2 R' D2 R U2 R' D2 R B' R B L B' R' B' B2 L' B2 L' D2 R D2 R F2 R2 B R F2 R' B' L2 L F L B' L' F' L F' U2 F D2 F' U2 F D2 B L2 U2 L' F2 R' B2 R F2 R' B2 R U' R U L U' R' U'
True
a_state: UUFUUUDUBRRURRRBRFFFUFFFLFRFDDDDDBDRLLRLLLDLDLBBBBBUBL
simplified a= B U B U D' F' L2 F U2 L2 U' L2 D F2 U2 F2 U' B2 True
B2 U F2 U2 F2 D' L2 U L2 U2 F' L2 F D U' B' U' B' L2 U L2 R2 U F2 D2 F2 R2 U R' U' L' B L2 R D B2 F' R' B U B U D' F' L2 F U2 L2 U' L2 D F2 U2 F2 U' B2
key_state: RRDBUUURFRBFLRFLFUBFDBFURRBBBDRDLULBFLRFLDLUDLDUDBULDF
F2 D' F2 U L2 B2 U R2 U L2 B' R' B L D' R2 F' D2 B2 R'
flag= F2D'F2UL2B2UR2UL2B'R'BLD'R2F'D2B2R'


Now try solving for b.... (quite slow ~ 5 min)
[9, 0, 6, 4, 2, 8, 3, 10, 11, 5, 7, 1] [9, 3, 6, 5, 1, 2, 4, 8, 0, 7, 11, 10]
#viable edge perms for b:
(1, 4, 0, 7, 8, 5, 9, 11, 2, 3, 10, 6) 8
build b (edge cycles): (1, 4, 0, 7, 8, 5, 9, 11, 2, 3, 10, 6)
[0, 1, 2, 3, 4, 5, 6, 7, 8, 9, 10, 11] 1 0 2
[1, 2, 0, 3, 4, 5, 6, 7, 8, 9, 10, 11] 4 1 2
[1, 4, 2, 3, 0, 5, 6, 7, 8, 9, 10, 11] 4 2 3
[1, 4, 0, 2, 3, 5, 6, 7, 8, 9, 10, 11] 7 3 4
[1, 4, 0, 7, 2, 5, 6, 3, 8, 9, 10, 11] 8 4 5
[1, 4, 0, 7, 8, 2, 6, 3, 5, 9, 10, 11] 8 5 6
[1, 4, 0, 7, 8, 5, 2, 3, 6, 9, 10, 11] 9 6 7
[1, 4, 0, 7, 8, 5, 9, 2, 6, 3, 10, 11] 11 7 8
bcycle= R2 U' B2 R2 B2 U B' F' U2 B F U2 R2 R F2 D2 R L B2 D2 F2 U' F2 L2 F2 U' L U2 R2 U' F2 B2 U B2 U' F2 U2 R' U2 B2 U2 R' U F L' F U D' L' B L U' D F2 R B' R D U' B' L B D' U R2 D U L' F2 L D U' F' D2 F2 R2 D2 R2 F2 D2 F D2 D2 R2 F' B' R2 F B R' B2 D2 B2 R D2 B U B2 F2 D' B D B2 F2 U' B2
wb edges: [(9, 0), (0, 0), (6, 1), (4, 1), (2, 1), (8, 1), (3, 0), (10, 0), (11, 1), (5, 1), (7, 0), (1, 0)]
b^-1 w b: [(9, 1), (0, 1), (6, 0), (4, 1), (2, 1), (8, 0), (3, 1), (10, 1), (11, 0), (5, 1), (7, 1), (1, 0)]
#viable edge flips for b:
goal: [0, 0, 1, 1, 1, 1, 0, 0, 1, 1, 0, 0]
(0, 1, 0, 0, 0, 1, 1, 0, 0, 1, 1, 1)  F U L F2 L' F' U L2 F2 U2 L2 U2 F2 L U2 L L U B L2 B' L' U B2 L2 U2 B2 U2 L2 B U2 B U L F U2 F' U' L F2 U2 L2 F2 L2 U2 F L2 F L2 D2 R U2 B2 D2 L U2 F2 D' L' B L B2 D B L' B' R2 D2 L U2 F2 D2 R U2 B2 D' R' F R F2 D F R' F' R B U R2 U' R' B U2 R2 B2 U2 B2 R2 U B2 U B D L B2 L' B' D L2 B2 D2 L2 D2 B2 L D2 L F D R F2 R' F' D R2 F2 D2 R2 D2 F2 R D2 R
bflip=  F U L F2 L' F' U L2 F2 U2 L2 U2 F2 L U2 L L U B L2 B' L' U B2 L2 U2 B2 U2 L2 B U2 B U L F U2 F' U' L F2 U2 L2 F2 L2 U2 F L2 F L2 D2 R U2 B2 D2 L U2 F2 D' L' B L B2 D B L' B' R2 D2 L U2 F2 D2 R U2 B2 D' R' F R F2 D F R' F' R B U R2 U' R' B U2 R2 B2 U2 B2 R2 U B2 U B D L B2 L' B' D L2 B2 D2 L2 D2 B2 L D2 L F D R F2 R' F' D R2 F2 D2 R2 D2 F2 R D2 R
b= R2 U' B2 R2 B2 U B' F' U2 B F U2 R2 R F2 D2 R L B2 D2 F2 U' F2 L2 F2 U' L U2 R2 U' F2 B2 U B2 U' F2 U2 R' U2 B2 U2 R' U F L' F U D' L' B L U' D F2 R B' R D U' B' L B D' U R2 D U L' F2 L D U' F' D2 F2 R2 D2 R2 F2 D2 F D2 D2 R2 F' B' R2 F B R' B2 D2 B2 R D2 B U B2 F2 D' B D B2 F2 U' B2 F U L F2 L' F' U L2 F2 U2 L2 U2 F2 L U2 L L U B L2 B' L' U B2 L2 U2 B2 U2 L2 B U2 B U L F U2 F' U' L F2 U2 L2 F2 L2 U2 F L2 F L2 D2 R U2 B2 D2 L U2 F2 D' L' B L B2 D B L' B' R2 D2 L U2 F2 D2 R U2 B2 D' R' F R F2 D F R' F' R B U R2 U' R' B U2 R2 B2 U2 B2 R2 U B2 U B D L B2 L' B' D L2 B2 D2 L2 D2 B2 L D2 L F D R F2 R' F' D R2 F2 D2 R2 D2 F2 R D2 R
True
b_state: UUURULUUURBRDRDRLRFBFLFRFDFDFDRDUDUDLBLDLFLFLBRBLBBBFB
simplified b= R2 L' U2 D' F' U' L2 B' D' L B' U2 R2 B2 D2 L2 U2 L2 F' B' True
B F L2 U2 L2 D2 B2 R2 U2 B L' D B L2 U F D U2 L R2 B2 D2 U' R2 D U2 B2 L R2 D' U2 L D L2 B L' U L R' R2 L' U2 D' F' U' L2 B' D' L B' U2 R2 B2 D2 L2 U2 L2 F' B'
key2_state: RRDBUUURFRBFLRFLFUBFDBFURRBBBDRDLULBFLRFLDLUDLDUDBULDF
F2 D' F2 U L2 B2 U R2 U L2 B' R' B L D' R2 F' D2 B2 R'
flag= F2D'F2UL2B2UR2UL2B'R'BLD'R2F'D2B2R' True
#255.20user 0.25system 4:17.62elapsed 99%CPU (0avgtext+0avgdata 24224maxresident)k
#0inputs+0outputs (0major+6872minor)pagefaults 0swaps
